[0.750s] Invoking command in '/home/sahra/MR_Lab_SahraIrshad/week1/my_first_pkg': PYTHONPATH=/home/sahra/MR_Lab_SahraIrshad/week1/build/my_first_pkg/prefix_override:/usr/lib/python3/dist-packages/colcon_core/task/python/colcon_distutils_commands:/home/sahra/MR_Lab_SahraIrshad/week1/install/my_first_pkg/lib/python3.10/site-packages:${PYTHONPATH} /usr/bin/python3 -W ignore:setup.py install is deprecated -W ignore:easy_install command is deprecated setup.py egg_info --egg-base ../build/my_first_pkg build --build-base /home/sahra/MR_Lab_SahraIrshad/week1/build/my_first_pkg/build install --record /home/sahra/MR_Lab_SahraIrshad/week1/build/my_first_pkg/install.log --single-version-externally-managed install_data
[1.045s] running egg_info
[1.046s] creating ../build/my_first_pkg/my_first_pkg.egg-info
[1.046s] writing ../build/my_first_pkg/my_first_pkg.egg-info/PKG-INFO
[1.046s] writing dependency_links to ../build/my_first_pkg/my_first_pkg.egg-info/dependency_links.txt
[1.047s] writing entry points to ../build/my_first_pkg/my_first_pkg.egg-info/entry_points.txt
[1.047s] writing requirements to ../build/my_first_pkg/my_first_pkg.egg-info/requires.txt
[1.047s] writing top-level names to ../build/my_first_pkg/my_first_pkg.egg-info/top_level.txt
[1.047s] writing manifest file '../build/my_first_pkg/my_first_pkg.egg-info/SOURCES.txt'
[1.050s] reading manifest file '../build/my_first_pkg/my_first_pkg.egg-info/SOURCES.txt'
[1.051s] writing manifest file '../build/my_first_pkg/my_first_pkg.egg-info/SOURCES.txt'
[1.051s] running build
[1.051s] running build_py
[1.051s] creating /home/sahra/MR_Lab_SahraIrshad/week1/build/my_first_pkg/build
[1.052s] creating /home/sahra/MR_Lab_SahraIrshad/week1/build/my_first_pkg/build/lib
[1.052s] creating /home/sahra/MR_Lab_SahraIrshad/week1/build/my_first_pkg/build/lib/my_first_pkg
[1.052s] copying my_first_pkg/simple_node.py -> /home/sahra/MR_Lab_SahraIrshad/week1/build/my_first_pkg/build/lib/my_first_pkg
[1.052s] copying my_first_pkg/__init__.py -> /home/sahra/MR_Lab_SahraIrshad/week1/build/my_first_pkg/build/lib/my_first_pkg
[1.052s] running install
[1.053s] running install_lib
[1.054s] creating /home/sahra/MR_Lab_SahraIrshad/week1/install/my_first_pkg/lib/python3.10/site-packages/my_first_pkg
[1.054s] copying /home/sahra/MR_Lab_SahraIrshad/week1/build/my_first_pkg/build/lib/my_first_pkg/simple_node.py -> /home/sahra/MR_Lab_SahraIrshad/week1/install/my_first_pkg/lib/python3.10/site-packages/my_first_pkg
[1.054s] copying /home/sahra/MR_Lab_SahraIrshad/week1/build/my_first_pkg/build/lib/my_first_pkg/__init__.py -> /home/sahra/MR_Lab_SahraIrshad/week1/install/my_first_pkg/lib/python3.10/site-packages/my_first_pkg
[1.055s] byte-compiling /home/sahra/MR_Lab_SahraIrshad/week1/install/my_first_pkg/lib/python3.10/site-packages/my_first_pkg/simple_node.py to simple_node.cpython-310.pyc
[1.056s] byte-compiling /home/sahra/MR_Lab_SahraIrshad/week1/install/my_first_pkg/lib/python3.10/site-packages/my_first_pkg/__init__.py to __init__.cpython-310.pyc
[1.056s] running install_data
[1.056s] creating /home/sahra/MR_Lab_SahraIrshad/week1/install/my_first_pkg/share/ament_index
[1.057s] creating /home/sahra/MR_Lab_SahraIrshad/week1/install/my_first_pkg/share/ament_index/resource_index
[1.057s] creating /home/sahra/MR_Lab_SahraIrshad/week1/install/my_first_pkg/share/ament_index/resource_index/packages
[1.057s] copying resource/my_first_pkg -> /home/sahra/MR_Lab_SahraIrshad/week1/install/my_first_pkg/share/ament_index/resource_index/packages
[1.057s] copying package.xml -> /home/sahra/MR_Lab_SahraIrshad/week1/install/my_first_pkg/share/my_first_pkg
[1.057s] running install_egg_info
[1.060s] Copying ../build/my_first_pkg/my_first_pkg.egg-info to /home/sahra/MR_Lab_SahraIrshad/week1/install/my_first_pkg/lib/python3.10/site-packages/my_first_pkg-0.0.0-py3.10.egg-info
[1.061s] running install_scripts
[1.086s] Installing simple_node script to /home/sahra/MR_Lab_SahraIrshad/week1/install/my_first_pkg/lib/my_first_pkg
[1.087s] writing list of installed files to '/home/sahra/MR_Lab_SahraIrshad/week1/build/my_first_pkg/install.log'
[1.124s] Invoked command in '/home/sahra/MR_Lab_SahraIrshad/week1/my_first_pkg' returned '0': PYTHONPATH=/home/sahra/MR_Lab_SahraIrshad/week1/build/my_first_pkg/prefix_override:/usr/lib/python3/dist-packages/colcon_core/task/python/colcon_distutils_commands:/home/sahra/MR_Lab_SahraIrshad/week1/install/my_first_pkg/lib/python3.10/site-packages:${PYTHONPATH} /usr/bin/python3 -W ignore:setup.py install is deprecated -W ignore:easy_install command is deprecated setup.py egg_info --egg-base ../build/my_first_pkg build --build-base /home/sahra/MR_Lab_SahraIrshad/week1/build/my_first_pkg/build install --record /home/sahra/MR_Lab_SahraIrshad/week1/build/my_first_pkg/install.log --single-version-externally-managed install_data
