[0.284s] DEBUG:colcon:Command line arguments: ['/usr/bin/colcon', 'build']
[0.284s] DEBUG:colcon:Parsed command line arguments: Namespace(log_base=None, log_level=None, verb_name='build', build_base='build', install_base='install', merge_install=False, symlink_install=False, test_result_base=None, continue_on_error=False, executor='parallel', parallel_workers=4, event_handlers=None, ignore_user_meta=False, metas=['./colcon.meta'], base_paths=['.'], packages_ignore=None, packages_ignore_regex=None, paths=None, packages_up_to=None, packages_up_to_regex=None, packages_above=None, packages_above_and_dependencies=None, packages_above_depth=None, packages_select_by_dep=None, packages_skip_by_dep=None, packages_skip_up_to=None, packages_select_build_failed=False, packages_skip_build_finished=False, packages_select_test_failures=False, packages_skip_test_passed=False, packages_select=None, packages_skip=None, packages_select_regex=None, packages_skip_regex=None, packages_start=None, packages_end=None, allow_overriding=[], cmake_args=None, cmake_target=None, cmake_target_skip_unavailable=False, cmake_clean_cache=False, cmake_clean_first=False, cmake_force_configure=False, ament_cmake_args=None, catkin_cmake_args=None, catkin_skip_building_tests=False, mixin_files=None, mixin=None, verb_parser=<colcon_mixin.mixin.mixin_argument.MixinArgumentDecorator object at 0x7a064a3592a0>, verb_extension=<colcon_core.verb.build.BuildVerb object at 0x7a064a358dc0>, main=<bound method BuildVerb.main of <colcon_core.verb.build.BuildVerb object at 0x7a064a358dc0>>, mixin_verb=('build',))
[2.048s] Level 1:colcon.colcon_core.package_discovery:discover_packages(colcon_meta) check parameters
[2.048s] Level 1:colcon.colcon_core.package_discovery:discover_packages(recursive) check parameters
[2.048s] Level 1:colcon.colcon_core.package_discovery:discover_packages(ignore) check parameters
[2.048s] Level 1:colcon.colcon_core.package_discovery:discover_packages(path) check parameters
[2.048s] Level 1:colcon.colcon_core.package_discovery:discover_packages(colcon_meta) discover
[2.048s] Level 1:colcon.colcon_core.package_discovery:discover_packages(recursive) discover
[2.048s] INFO:colcon.colcon_core.package_discovery:Crawling recursively for packages in '/home/sahra/MR_Lab_SahraIrshad/week1'
[2.048s] Level 1:colcon.colcon_core.package_identification:_identify(.) by extensions ['ignore', 'ignore_ament_install']
[2.048s] Level 1:colcon.colcon_core.package_identification:_identify(.) by extension 'ignore'
[2.049s] Level 1:colcon.colcon_core.package_identification:_identify(.) by extension 'ignore_ament_install'
[2.049s] Level 1:colcon.colcon_core.package_identification:_identify(.) by extensions ['colcon_pkg']
[2.049s] Level 1:colcon.colcon_core.package_identification:_identify(.) by extension 'colcon_pkg'
[2.049s] Level 1:colcon.colcon_core.package_identification:_identify(.) by extensions ['colcon_meta']
[2.049s] Level 1:colcon.colcon_core.package_identification:_identify(.) by extension 'colcon_meta'
[2.049s] Level 1:colcon.colcon_core.package_identification:_identify(.) by extensions ['ros']
[2.049s] Level 1:colcon.colcon_core.package_identification:_identify(.) by extension 'ros'
[2.062s] Level 1:colcon.colcon_core.package_identification:_identify(.) by extensions ['cmake', 'python']
[2.062s] Level 1:colcon.colcon_core.package_identification:_identify(.) by extension 'cmake'
[2.062s] Level 1:colcon.colcon_core.package_identification:_identify(.) by extension 'python'
[2.062s] Level 1:colcon.colcon_core.package_identification:_identify(.) by extensions ['python_setup_py']
[2.062s] Level 1:colcon.colcon_core.package_identification:_identify(.) by extension 'python_setup_py'
[2.062s] Level 1:colcon.colcon_core.package_identification:_identify(build) by extensions ['ignore', 'ignore_ament_install']
[2.063s] Level 1:colcon.colcon_core.package_identification:_identify(build) by extension 'ignore'
[2.063s] Level 1:colcon.colcon_core.package_identification:_identify(build) ignored
[2.063s] Level 1:colcon.colcon_core.package_identification:_identify(install) by extensions ['ignore', 'ignore_ament_install']
[2.063s] Level 1:colcon.colcon_core.package_identification:_identify(install) by extension 'ignore'
[2.063s] Level 1:colcon.colcon_core.package_identification:_identify(install) ignored
[2.063s] Level 1:colcon.colcon_core.package_identification:_identify(log) by extensions ['ignore', 'ignore_ament_install']
[2.063s] Level 1:colcon.colcon_core.package_identification:_identify(log) by extension 'ignore'
[2.063s] Level 1:colcon.colcon_core.package_identification:_identify(log) ignored
[2.063s] Level 1:colcon.colcon_core.package_identification:_identify(my_first_pkg) by extensions ['ignore', 'ignore_ament_install']
[2.063s] Level 1:colcon.colcon_core.package_identification:_identify(my_first_pkg) by extension 'ignore'
[2.063s] Level 1:colcon.colcon_core.package_identification:_identify(my_first_pkg) by extension 'ignore_ament_install'
[2.063s] Level 1:colcon.colcon_core.package_identification:_identify(my_first_pkg) by extensions ['colcon_pkg']
[2.064s] Level 1:colcon.colcon_core.package_identification:_identify(my_first_pkg) by extension 'colcon_pkg'
[2.064s] Level 1:colcon.colcon_core.package_identification:_identify(my_first_pkg) by extensions ['colcon_meta']
[2.064s] Level 1:colcon.colcon_core.package_identification:_identify(my_first_pkg) by extension 'colcon_meta'
[2.064s] Level 1:colcon.colcon_core.package_identification:_identify(my_first_pkg) by extensions ['ros']
[2.064s] Level 1:colcon.colcon_core.package_identification:_identify(my_first_pkg) by extension 'ros'
[2.080s] DEBUG:colcon.colcon_core.package_identification:Package 'my_first_pkg' with type 'ros.ament_python' and name 'my_first_pkg'
[2.080s] Level 1:colcon.colcon_core.package_identification:_identify(screenshots) by extensions ['ignore', 'ignore_ament_install']
[2.080s] Level 1:colcon.colcon_core.package_identification:_identify(screenshots) by extension 'ignore'
[2.081s] Level 1:colcon.colcon_core.package_identification:_identify(screenshots) by extension 'ignore_ament_install'
[2.081s] Level 1:colcon.colcon_core.package_identification:_identify(screenshots) by extensions ['colcon_pkg']
[2.081s] Level 1:colcon.colcon_core.package_identification:_identify(screenshots) by extension 'colcon_pkg'
[2.081s] Level 1:colcon.colcon_core.package_identification:_identify(screenshots) by extensions ['colcon_meta']
[2.081s] Level 1:colcon.colcon_core.package_identification:_identify(screenshots) by extension 'colcon_meta'
[2.081s] Level 1:colcon.colcon_core.package_identification:_identify(screenshots) by extensions ['ros']
[2.081s] Level 1:colcon.colcon_core.package_identification:_identify(screenshots) by extension 'ros'
[2.081s] Level 1:colcon.colcon_core.package_identification:_identify(screenshots) by extensions ['cmake', 'python']
[2.081s] Level 1:colcon.colcon_core.package_identification:_identify(screenshots) by extension 'cmake'
[2.081s] Level 1:colcon.colcon_core.package_identification:_identify(screenshots) by extension 'python'
[2.081s] Level 1:colcon.colcon_core.package_identification:_identify(screenshots) by extensions ['python_setup_py']
[2.081s] Level 1:colcon.colcon_core.package_identification:_identify(screenshots) by extension 'python_setup_py'
[2.081s] Level 1:colcon.colcon_core.package_discovery:discover_packages(recursive) using defaults
[2.081s] Level 1:colcon.colcon_core.package_discovery:discover_packages(ignore) discover
[2.081s] Level 1:colcon.colcon_core.package_discovery:discover_packages(ignore) using defaults
[2.081s] Level 1:colcon.colcon_core.package_discovery:discover_packages(path) discover
[2.081s] Level 1:colcon.colcon_core.package_discovery:discover_packages(path) using defaults
[2.120s] Level 1:colcon.colcon_core.package_discovery:discover_packages(prefix_path) check parameters
[2.120s] Level 1:colcon.colcon_core.package_discovery:discover_packages(prefix_path) discover
[2.149s] DEBUG:colcon.colcon_installed_package_information.package_discovery:Found 272 installed packages in /opt/ros/humble
[2.151s] Level 1:colcon.colcon_core.package_discovery:discover_packages(prefix_path) using defaults
[2.200s] Level 5:colcon.colcon_core.verb:set package 'my_first_pkg' build argument 'cmake_args' from command line to 'None'
[2.200s] Level 5:colcon.colcon_core.verb:set package 'my_first_pkg' build argument 'cmake_target' from command line to 'None'
[2.200s] Level 5:colcon.colcon_core.verb:set package 'my_first_pkg' build argument 'cmake_target_skip_unavailable' from command line to 'False'
[2.200s] Level 5:colcon.colcon_core.verb:set package 'my_first_pkg' build argument 'cmake_clean_cache' from command line to 'False'
[2.200s] Level 5:colcon.colcon_core.verb:set package 'my_first_pkg' build argument 'cmake_clean_first' from command line to 'False'
[2.200s] Level 5:colcon.colcon_core.verb:set package 'my_first_pkg' build argument 'cmake_force_configure' from command line to 'False'
[2.200s] Level 5:colcon.colcon_core.verb:set package 'my_first_pkg' build argument 'ament_cmake_args' from command line to 'None'
[2.200s] Level 5:colcon.colcon_core.verb:set package 'my_first_pkg' build argument 'catkin_cmake_args' from command line to 'None'
[2.200s] Level 5:colcon.colcon_core.verb:set package 'my_first_pkg' build argument 'catkin_skip_building_tests' from command line to 'False'
[2.200s] DEBUG:colcon.colcon_core.verb:Building package 'my_first_pkg' with the following arguments: {'ament_cmake_args': None, 'build_base': '/home/sahra/MR_Lab_SahraIrshad/week1/build/my_first_pkg', 'catkin_cmake_args': None, 'catkin_skip_building_tests': False, 'cmake_args': None, 'cmake_clean_cache': False, 'cmake_clean_first': False, 'cmake_force_configure': False, 'cmake_target': None, 'cmake_target_skip_unavailable': False, 'install_base': '/home/sahra/MR_Lab_SahraIrshad/week1/install/my_first_pkg', 'merge_install': False, 'path': '/home/sahra/MR_Lab_SahraIrshad/week1/my_first_pkg', 'symlink_install': False, 'test_result_base': None}
[2.200s] INFO:colcon.colcon_core.executor:Executing jobs using 'parallel' executor
[2.201s] DEBUG:colcon.colcon_parallel_executor.executor.parallel:run_until_complete
[2.202s] INFO:colcon.colcon_ros.task.ament_python.build:Building ROS package in '/home/sahra/MR_Lab_SahraIrshad/week1/my_first_pkg' with build type 'ament_python'
[2.202s] Level 1:colcon.colcon_core.shell:create_environment_hook('my_first_pkg', 'ament_prefix_path')
[2.204s] INFO:colcon.colcon_core.plugin_system:Skipping extension 'colcon_core.shell.bat': Not used on non-Windows systems
[2.205s] INFO:colcon.colcon_core.shell:Creating environment hook '/home/sahra/MR_Lab_SahraIrshad/week1/install/my_first_pkg/share/my_first_pkg/hook/ament_prefix_path.ps1'
[2.206s] INFO:colcon.colcon_core.shell:Creating environment descriptor '/home/sahra/MR_Lab_SahraIrshad/week1/install/my_first_pkg/share/my_first_pkg/hook/ament_prefix_path.dsv'
[2.206s] INFO:colcon.colcon_core.shell:Creating environment hook '/home/sahra/MR_Lab_SahraIrshad/week1/install/my_first_pkg/share/my_first_pkg/hook/ament_prefix_path.sh'
[2.207s] INFO:colcon.colcon_core.shell:Skip shell extension 'powershell' for command environment: Not usable outside of PowerShell
[2.207s] DEBUG:colcon.colcon_core.shell:Skip shell extension 'dsv' for command environment
[2.535s] INFO:colcon.colcon_core.task.python.build:Building Python package in '/home/sahra/MR_Lab_SahraIrshad/week1/my_first_pkg'
[2.535s] INFO:colcon.colcon_core.shell:Skip shell extension 'powershell' for command environment: Not usable outside of PowerShell
[2.535s] DEBUG:colcon.colcon_core.shell:Skip shell extension 'dsv' for command environment
[2.953s] DEBUG:colcon.colcon_core.event_handler.log_command:Invoking command in '/home/sahra/MR_Lab_SahraIrshad/week1/my_first_pkg': PYTHONPATH=/home/sahra/MR_Lab_SahraIrshad/week1/build/my_first_pkg/prefix_override:/usr/lib/python3/dist-packages/colcon_core/task/python/colcon_distutils_commands:/home/sahra/MR_Lab_SahraIrshad/week1/install/my_first_pkg/lib/python3.10/site-packages:${PYTHONPATH} /usr/bin/python3 -W ignore:setup.py install is deprecated -W ignore:easy_install command is deprecated setup.py egg_info --egg-base ../build/my_first_pkg build --build-base /home/sahra/MR_Lab_SahraIrshad/week1/build/my_first_pkg/build install --record /home/sahra/MR_Lab_SahraIrshad/week1/build/my_first_pkg/install.log --single-version-externally-managed install_data
[3.327s] DEBUG:colcon.colcon_core.event_handler.log_command:Invoked command in '/home/sahra/MR_Lab_SahraIrshad/week1/my_first_pkg' returned '0': PYTHONPATH=/home/sahra/MR_Lab_SahraIrshad/week1/build/my_first_pkg/prefix_override:/usr/lib/python3/dist-packages/colcon_core/task/python/colcon_distutils_commands:/home/sahra/MR_Lab_SahraIrshad/week1/install/my_first_pkg/lib/python3.10/site-packages:${PYTHONPATH} /usr/bin/python3 -W ignore:setup.py install is deprecated -W ignore:easy_install command is deprecated setup.py egg_info --egg-base ../build/my_first_pkg build --build-base /home/sahra/MR_Lab_SahraIrshad/week1/build/my_first_pkg/build install --record /home/sahra/MR_Lab_SahraIrshad/week1/build/my_first_pkg/install.log --single-version-externally-managed install_data
[3.330s] Level 1:colcon.colcon_core.environment:checking '/home/sahra/MR_Lab_SahraIrshad/week1/install/my_first_pkg' for CMake module files
[3.331s] Level 1:colcon.colcon_core.environment:checking '/home/sahra/MR_Lab_SahraIrshad/week1/install/my_first_pkg' for CMake config files
[3.332s] Level 1:colcon.colcon_core.environment:checking '/home/sahra/MR_Lab_SahraIrshad/week1/install/my_first_pkg/lib'
[3.333s] Level 1:colcon.colcon_core.environment:checking '/home/sahra/MR_Lab_SahraIrshad/week1/install/my_first_pkg/bin'
[3.333s] Level 1:colcon.colcon_core.environment:checking '/home/sahra/MR_Lab_SahraIrshad/week1/install/my_first_pkg/lib/pkgconfig/my_first_pkg.pc'
[3.333s] Level 1:colcon.colcon_core.environment:checking '/home/sahra/MR_Lab_SahraIrshad/week1/install/my_first_pkg/lib/python3.10/site-packages'
[3.333s] Level 1:colcon.colcon_core.shell:create_environment_hook('my_first_pkg', 'pythonpath')
[3.333s] INFO:colcon.colcon_core.shell:Creating environment hook '/home/sahra/MR_Lab_SahraIrshad/week1/install/my_first_pkg/share/my_first_pkg/hook/pythonpath.ps1'
[3.334s] INFO:colcon.colcon_core.shell:Creating environment descriptor '/home/sahra/MR_Lab_SahraIrshad/week1/install/my_first_pkg/share/my_first_pkg/hook/pythonpath.dsv'
[3.334s] INFO:colcon.colcon_core.shell:Creating environment hook '/home/sahra/MR_Lab_SahraIrshad/week1/install/my_first_pkg/share/my_first_pkg/hook/pythonpath.sh'
[3.335s] Level 1:colcon.colcon_core.environment:checking '/home/sahra/MR_Lab_SahraIrshad/week1/install/my_first_pkg/bin'
[3.335s] Level 1:colcon.colcon_core.environment:create_environment_scripts_only(my_first_pkg)
[3.336s] INFO:colcon.colcon_core.shell:Creating package script '/home/sahra/MR_Lab_SahraIrshad/week1/install/my_first_pkg/share/my_first_pkg/package.ps1'
[3.337s] INFO:colcon.colcon_core.shell:Creating package descriptor '/home/sahra/MR_Lab_SahraIrshad/week1/install/my_first_pkg/share/my_first_pkg/package.dsv'
[3.337s] INFO:colcon.colcon_core.shell:Creating package script '/home/sahra/MR_Lab_SahraIrshad/week1/install/my_first_pkg/share/my_first_pkg/package.sh'
[3.338s] INFO:colcon.colcon_core.shell:Creating package script '/home/sahra/MR_Lab_SahraIrshad/week1/install/my_first_pkg/share/my_first_pkg/package.bash'
[3.339s] INFO:colcon.colcon_core.shell:Creating package script '/home/sahra/MR_Lab_SahraIrshad/week1/install/my_first_pkg/share/my_first_pkg/package.zsh'
[3.340s] Level 1:colcon.colcon_core.environment:create_file_with_runtime_dependencies(/home/sahra/MR_Lab_SahraIrshad/week1/install/my_first_pkg/share/colcon-core/packages/my_first_pkg)
[3.340s] DEBUG:colcon.colcon_parallel_executor.executor.parallel:closing loop
[3.341s] DEBUG:colcon.colcon_parallel_executor.executor.parallel:loop closed
[3.341s] DEBUG:colcon.colcon_parallel_executor.executor.parallel:run_until_complete finished with '0'
[3.341s] DEBUG:colcon.colcon_core.event_reactor:joining thread
[3.348s] INFO:colcon.colcon_core.plugin_system:Skipping extension 'colcon_notification.desktop_notification.terminal_notifier': Not used on non-Darwin systems
[3.348s] INFO:colcon.colcon_core.plugin_system:Skipping extension 'colcon_notification.desktop_notification.win32': Not used on non-Windows systems
[3.348s] INFO:colcon.colcon_notification.desktop_notification:Sending desktop notification using 'notify2'
[3.372s] DEBUG:colcon.colcon_core.event_reactor:joined thread
[3.374s] INFO:colcon.colcon_core.shell:Creating prefix script '/home/sahra/MR_Lab_SahraIrshad/week1/install/local_setup.ps1'
[3.376s] INFO:colcon.colcon_core.shell:Creating prefix util module '/home/sahra/MR_Lab_SahraIrshad/week1/install/_local_setup_util_ps1.py'
[3.379s] INFO:colcon.colcon_core.shell:Creating prefix chain script '/home/sahra/MR_Lab_SahraIrshad/week1/install/setup.ps1'
[3.382s] INFO:colcon.colcon_core.shell:Creating prefix script '/home/sahra/MR_Lab_SahraIrshad/week1/install/local_setup.sh'
[3.383s] INFO:colcon.colcon_core.shell:Creating prefix util module '/home/sahra/MR_Lab_SahraIrshad/week1/install/_local_setup_util_sh.py'
[3.384s] INFO:colcon.colcon_core.shell:Creating prefix chain script '/home/sahra/MR_Lab_SahraIrshad/week1/install/setup.sh'
[3.386s] INFO:colcon.colcon_core.shell:Creating prefix script '/home/sahra/MR_Lab_SahraIrshad/week1/install/local_setup.bash'
[3.387s] INFO:colcon.colcon_core.shell:Creating prefix chain script '/home/sahra/MR_Lab_SahraIrshad/week1/install/setup.bash'
[3.389s] INFO:colcon.colcon_core.shell:Creating prefix script '/home/sahra/MR_Lab_SahraIrshad/week1/install/local_setup.zsh'
[3.390s] INFO:colcon.colcon_core.shell:Creating prefix chain script '/home/sahra/MR_Lab_SahraIrshad/week1/install/setup.zsh'
