[0.962s] Invoking command in '/home/sahra/MR_Lab_SahraIrshad/week1/my_first_pkg': PYTHONPATH=/home/sahra/MR_Lab_SahraIrshad/week1/my_first_pkg/build/my_first_pkg/prefix_override:/usr/lib/python3/dist-packages/colcon_core/task/python/colcon_distutils_commands:/home/sahra/MR_Lab_SahraIrshad/week1/my_first_pkg/install/my_first_pkg/lib/python3.10/site-packages:${PYTHONPATH} /usr/bin/python3 -W ignore:setup.py install is deprecated -W ignore:easy_install command is deprecated setup.py egg_info --egg-base build/my_first_pkg build --build-base /home/sahra/MR_Lab_SahraIrshad/week1/my_first_pkg/build/my_first_pkg/build install --record /home/sahra/MR_Lab_SahraIrshad/week1/my_first_pkg/build/my_first_pkg/install.log --single-version-externally-managed install_data
[1.251s] running egg_info
[1.252s] creating build/my_first_pkg/my_first_pkg.egg-info
[1.252s] writing build/my_first_pkg/my_first_pkg.egg-info/PKG-INFO
[1.253s] writing dependency_links to build/my_first_pkg/my_first_pkg.egg-info/dependency_links.txt
[1.253s] writing entry points to build/my_first_pkg/my_first_pkg.egg-info/entry_points.txt
[1.253s] writing requirements to build/my_first_pkg/my_first_pkg.egg-info/requires.txt
[1.253s] writing top-level names to build/my_first_pkg/my_first_pkg.egg-info/top_level.txt
[1.254s] writing manifest file 'build/my_first_pkg/my_first_pkg.egg-info/SOURCES.txt'
[1.256s] reading manifest file 'build/my_first_pkg/my_first_pkg.egg-info/SOURCES.txt'
[1.257s] writing manifest file 'build/my_first_pkg/my_first_pkg.egg-info/SOURCES.txt'
[1.257s] running build
[1.257s] running build_py
[1.258s] creating /home/sahra/MR_Lab_SahraIrshad/week1/my_first_pkg/build/my_first_pkg/build
[1.258s] creating /home/sahra/MR_Lab_SahraIrshad/week1/my_first_pkg/build/my_first_pkg/build/lib
[1.258s] creating /home/sahra/MR_Lab_SahraIrshad/week1/my_first_pkg/build/my_first_pkg/build/lib/my_first_pkg
[1.258s] copying my_first_pkg/simple_node.py -> /home/sahra/MR_Lab_SahraIrshad/week1/my_first_pkg/build/my_first_pkg/build/lib/my_first_pkg
[1.258s] copying my_first_pkg/__init__.py -> /home/sahra/MR_Lab_SahraIrshad/week1/my_first_pkg/build/my_first_pkg/build/lib/my_first_pkg
[1.259s] running install
[1.259s] running install_lib
[1.260s] creating /home/sahra/MR_Lab_SahraIrshad/week1/my_first_pkg/install/my_first_pkg/lib/python3.10/site-packages/my_first_pkg
[1.260s] copying /home/sahra/MR_Lab_SahraIrshad/week1/my_first_pkg/build/my_first_pkg/build/lib/my_first_pkg/simple_node.py -> /home/sahra/MR_Lab_SahraIrshad/week1/my_first_pkg/install/my_first_pkg/lib/python3.10/site-packages/my_first_pkg
[1.260s] copying /home/sahra/MR_Lab_SahraIrshad/week1/my_first_pkg/build/my_first_pkg/build/lib/my_first_pkg/__init__.py -> /home/sahra/MR_Lab_SahraIrshad/week1/my_first_pkg/install/my_first_pkg/lib/python3.10/site-packages/my_first_pkg
[1.261s] byte-compiling /home/sahra/MR_Lab_SahraIrshad/week1/my_first_pkg/install/my_first_pkg/lib/python3.10/site-packages/my_first_pkg/simple_node.py to simple_node.cpython-310.pyc
[1.262s] byte-compiling /home/sahra/MR_Lab_SahraIrshad/week1/my_first_pkg/install/my_first_pkg/lib/python3.10/site-packages/my_first_pkg/__init__.py to __init__.cpython-310.pyc
[1.262s] running install_data
[1.262s] creating /home/sahra/MR_Lab_SahraIrshad/week1/my_first_pkg/install/my_first_pkg/share/ament_index
[1.263s] creating /home/sahra/MR_Lab_SahraIrshad/week1/my_first_pkg/install/my_first_pkg/share/ament_index/resource_index
[1.263s] creating /home/sahra/MR_Lab_SahraIrshad/week1/my_first_pkg/install/my_first_pkg/share/ament_index/resource_index/packages
[1.263s] copying resource/my_first_pkg -> /home/sahra/MR_Lab_SahraIrshad/week1/my_first_pkg/install/my_first_pkg/share/ament_index/resource_index/packages
[1.263s] copying package.xml -> /home/sahra/MR_Lab_SahraIrshad/week1/my_first_pkg/install/my_first_pkg/share/my_first_pkg
[1.263s] running install_egg_info
[1.266s] Copying build/my_first_pkg/my_first_pkg.egg-info to /home/sahra/MR_Lab_SahraIrshad/week1/my_first_pkg/install/my_first_pkg/lib/python3.10/site-packages/my_first_pkg-0.0.0-py3.10.egg-info
[1.267s] running install_scripts
[1.294s] Installing simple_node script to /home/sahra/MR_Lab_SahraIrshad/week1/my_first_pkg/install/my_first_pkg/lib/my_first_pkg
[1.294s] writing list of installed files to '/home/sahra/MR_Lab_SahraIrshad/week1/my_first_pkg/build/my_first_pkg/install.log'
[1.331s] Invoked command in '/home/sahra/MR_Lab_SahraIrshad/week1/my_first_pkg' returned '0': PYTHONPATH=/home/sahra/MR_Lab_SahraIrshad/week1/my_first_pkg/build/my_first_pkg/prefix_override:/usr/lib/python3/dist-packages/colcon_core/task/python/colcon_distutils_commands:/home/sahra/MR_Lab_SahraIrshad/week1/my_first_pkg/install/my_first_pkg/lib/python3.10/site-packages:${PYTHONPATH} /usr/bin/python3 -W ignore:setup.py install is deprecated -W ignore:easy_install command is deprecated setup.py egg_info --egg-base build/my_first_pkg build --build-base /home/sahra/MR_Lab_SahraIrshad/week1/my_first_pkg/build/my_first_pkg/build install --record /home/sahra/MR_Lab_SahraIrshad/week1/my_first_pkg/build/my_first_pkg/install.log --single-version-externally-managed install_data
