[4.058s] DEBUG:colcon:Command line arguments: ['/usr/bin/colcon', 'build']
[4.058s] DEBUG:colcon:Parsed command line arguments: Namespace(log_base=None, log_level=None, verb_name='build', build_base='build', install_base='install', merge_install=False, symlink_install=False, test_result_base=None, continue_on_error=False, executor='parallel', parallel_workers=4, event_handlers=None, ignore_user_meta=False, metas=['./colcon.meta'], base_paths=['.'], packages_ignore=None, packages_ignore_regex=None, paths=None, packages_up_to=None, packages_up_to_regex=None, packages_above=None, packages_above_and_dependencies=None, packages_above_depth=None, packages_select_by_dep=None, packages_skip_by_dep=None, packages_skip_up_to=None, packages_select_build_failed=False, packages_skip_build_finished=False, packages_select_test_failures=False, packages_skip_test_passed=False, packages_select=None, packages_skip=None, packages_select_regex=None, packages_skip_regex=None, packages_start=None, packages_end=None, allow_overriding=[], cmake_args=None, cmake_target=None, cmake_target_skip_unavailable=False, cmake_clean_cache=False, cmake_clean_first=False, cmake_force_configure=False, ament_cmake_args=None, catkin_cmake_args=None, catkin_skip_building_tests=False, mixin_files=None, mixin=None, verb_parser=<colcon_mixin.mixin.mixin_argument.MixinArgumentDecorator object at 0x77c016a555a0>, verb_extension=<colcon_core.verb.build.BuildVerb object at 0x77c016a550c0>, main=<bound method BuildVerb.main of <colcon_core.verb.build.BuildVerb object at 0x77c016a550c0>>, mixin_verb=('build',))
[8.311s] Level 1:colcon.colcon_core.package_discovery:discover_packages(colcon_meta) check parameters
[8.311s] Level 1:colcon.colcon_core.package_discovery:discover_packages(recursive) check parameters
[8.311s] Level 1:colcon.colcon_core.package_discovery:discover_packages(ignore) check parameters
[8.311s] Level 1:colcon.colcon_core.package_discovery:discover_packages(path) check parameters
[8.311s] Level 1:colcon.colcon_core.package_discovery:discover_packages(colcon_meta) discover
[8.311s] Level 1:colcon.colcon_core.package_discovery:discover_packages(recursive) discover
[8.311s] INFO:colcon.colcon_core.package_discovery:Crawling recursively for packages in '/home/sahra/ros2_ws/src/my_first_pkg/my_first_pkg'
[8.312s] Level 1:colcon.colcon_core.package_identification:_identify(.) by extensions ['ignore', 'ignore_ament_install']
[8.312s] Level 1:colcon.colcon_core.package_identification:_identify(.) by extension 'ignore'
[8.312s] Level 1:colcon.colcon_core.package_identification:_identify(.) by extension 'ignore_ament_install'
[8.312s] Level 1:colcon.colcon_core.package_identification:_identify(.) by extensions ['colcon_pkg']
[8.312s] Level 1:colcon.colcon_core.package_identification:_identify(.) by extension 'colcon_pkg'
[8.312s] Level 1:colcon.colcon_core.package_identification:_identify(.) by extensions ['colcon_meta']
[8.312s] Level 1:colcon.colcon_core.package_identification:_identify(.) by extension 'colcon_meta'
[8.312s] Level 1:colcon.colcon_core.package_identification:_identify(.) by extensions ['ros']
[8.312s] Level 1:colcon.colcon_core.package_identification:_identify(.) by extension 'ros'
[8.421s] Level 1:colcon.colcon_core.package_identification:_identify(.) by extensions ['cmake', 'python']
[8.422s] Level 1:colcon.colcon_core.package_identification:_identify(.) by extension 'cmake'
[8.422s] Level 1:colcon.colcon_core.package_identification:_identify(.) by extension 'python'
[8.422s] Level 1:colcon.colcon_core.package_identification:_identify(.) by extensions ['python_setup_py']
[8.422s] Level 1:colcon.colcon_core.package_identification:_identify(.) by extension 'python_setup_py'
[8.423s] Level 1:colcon.colcon_core.package_identification:_identify(build) by extensions ['ignore', 'ignore_ament_install']
[8.423s] Level 1:colcon.colcon_core.package_identification:_identify(build) by extension 'ignore'
[8.423s] Level 1:colcon.colcon_core.package_identification:_identify(build) ignored
[8.424s] Level 1:colcon.colcon_core.package_identification:_identify(install) by extensions ['ignore', 'ignore_ament_install']
[8.424s] Level 1:colcon.colcon_core.package_identification:_identify(install) by extension 'ignore'
[8.424s] Level 1:colcon.colcon_core.package_identification:_identify(install) ignored
[8.424s] Level 1:colcon.colcon_core.package_identification:_identify(log) by extensions ['ignore', 'ignore_ament_install']
[8.425s] Level 1:colcon.colcon_core.package_identification:_identify(log) by extension 'ignore'
[8.425s] Level 1:colcon.colcon_core.package_identification:_identify(log) ignored
[8.425s] Level 1:colcon.colcon_core.package_discovery:discover_packages(recursive) using defaults
[8.425s] Level 1:colcon.colcon_core.package_discovery:discover_packages(ignore) discover
[8.425s] Level 1:colcon.colcon_core.package_discovery:discover_packages(ignore) using defaults
[8.425s] Level 1:colcon.colcon_core.package_discovery:discover_packages(path) discover
[8.425s] Level 1:colcon.colcon_core.package_discovery:discover_packages(path) using defaults
[8.863s] Level 1:colcon.colcon_core.package_discovery:discover_packages(prefix_path) check parameters
[8.863s] Level 1:colcon.colcon_core.package_discovery:discover_packages(prefix_path) discover
[8.936s] DEBUG:colcon.colcon_installed_package_information.package_discovery:Found 1 installed packages in /home/sahra/ros2_ws/install
[8.962s] DEBUG:colcon.colcon_installed_package_information.package_discovery:Found 272 installed packages in /opt/ros/humble
[8.964s] Level 1:colcon.colcon_core.package_discovery:discover_packages(prefix_path) using defaults
[11.245s] INFO:colcon.colcon_core.executor:Executing jobs using 'parallel' executor
[11.247s] DEBUG:colcon.colcon_parallel_executor.executor.parallel:run_until_complete
[11.248s] DEBUG:colcon.colcon_parallel_executor.executor.parallel:closing loop
[11.248s] DEBUG:colcon.colcon_parallel_executor.executor.parallel:loop closed
[11.248s] DEBUG:colcon.colcon_parallel_executor.executor.parallel:run_until_complete finished with '0'
[11.248s] DEBUG:colcon.colcon_core.event_reactor:joining thread
[11.450s] INFO:colcon.colcon_core.plugin_system:Skipping extension 'colcon_notification.desktop_notification.terminal_notifier': Not used on non-Darwin systems
[11.450s] INFO:colcon.colcon_core.plugin_system:Skipping extension 'colcon_notification.desktop_notification.win32': Not used on non-Windows systems
[11.451s] INFO:colcon.colcon_notification.desktop_notification:Sending desktop notification using 'notify2'
[11.735s] DEBUG:colcon.colcon_core.event_reactor:joined thread
[11.888s] INFO:colcon.colcon_core.plugin_system:Skipping extension 'colcon_core.shell.bat': Not used on non-Windows systems
[11.889s] INFO:colcon.colcon_core.shell:Creating prefix script '/home/sahra/ros2_ws/src/my_first_pkg/my_first_pkg/install/local_setup.ps1'
[11.942s] INFO:colcon.colcon_core.shell:Creating prefix util module '/home/sahra/ros2_ws/src/my_first_pkg/my_first_pkg/install/_local_setup_util_ps1.py'
[11.969s] INFO:colcon.colcon_core.shell:Creating prefix chain script '/home/sahra/ros2_ws/src/my_first_pkg/my_first_pkg/install/setup.ps1'
[11.974s] INFO:colcon.colcon_core.shell:Creating prefix script '/home/sahra/ros2_ws/src/my_first_pkg/my_first_pkg/install/local_setup.sh'
[12.009s] INFO:colcon.colcon_core.shell:Creating prefix util module '/home/sahra/ros2_ws/src/my_first_pkg/my_first_pkg/install/_local_setup_util_sh.py'
[12.012s] INFO:colcon.colcon_core.shell:Creating prefix chain script '/home/sahra/ros2_ws/src/my_first_pkg/my_first_pkg/install/setup.sh'
[12.017s] INFO:colcon.colcon_core.shell:Creating prefix script '/home/sahra/ros2_ws/src/my_first_pkg/my_first_pkg/install/local_setup.bash'
[12.052s] INFO:colcon.colcon_core.shell:Creating prefix chain script '/home/sahra/ros2_ws/src/my_first_pkg/my_first_pkg/install/setup.bash'
[12.057s] INFO:colcon.colcon_core.shell:Creating prefix script '/home/sahra/ros2_ws/src/my_first_pkg/my_first_pkg/install/local_setup.zsh'
[12.077s] INFO:colcon.colcon_core.shell:Creating prefix chain script '/home/sahra/ros2_ws/src/my_first_pkg/my_first_pkg/install/setup.zsh'
